<?xml version="1.0" encoding="UTF-8" ?>
<testsuite failures="0" time="11.278" errors="0" skipped="0" tests="2" name="cc.siriuscloud.xiaoy.controller.UserMsControllerTest">
  <properties>
    <property name="idea.version" value="2018.1.4"/>
    <property name="java.runtime.name" value="Java(TM) SE Runtime Environment"/>
    <property name="sun.boot.library.path" value="D:\surroundings\jdk1.7.0_80\jre\bin"/>
    <property name="java.vm.version" value="24.80-b11"/>
    <property name="java.vm.vendor" value="Oracle Corporation"/>
    <property name="maven.multiModuleProjectDirectory" value="E:\code\Java\IdeaProjects\xiaoYWeb"/>
    <property name="java.vendor.url" value="http://java.oracle.com/"/>
    <property name="path.separator" value=";"/>
    <property name="guice.disable.misplaced.annotation.check" value="true"/>
    <property name="java.vm.name" value="Java HotSpot(TM) Client VM"/>
    <property name="file.encoding.pkg" value="sun.io"/>
    <property name="user.script" value=""/>
    <property name="user.country" value="CN"/>
    <property name="sun.java.launcher" value="SUN_STANDARD"/>
    <property name="sun.os.patch.level" value="Service Pack 1"/>
    <property name="java.vm.specification.name" value="Java Virtual Machine Specification"/>
    <property name="user.dir" value="E:\code\Java\IdeaProjects\xiaoYWeb"/>
    <property name="java.runtime.version" value="1.7.0_80-b15"/>
    <property name="java.awt.graphicsenv" value="sun.awt.Win32GraphicsEnvironment"/>
    <property name="java.endorsed.dirs" value="D:\surroundings\jdk1.7.0_80\jre\lib\endorsed"/>
    <property name="os.arch" value="x86"/>
    <property name="java.io.tmpdir" value="C:\Users\sirius\AppData\Local\Temp\"/>
    <property name="line.separator" value="
"/>
    <property name="java.vm.specification.vendor" value="Oracle Corporation"/>
    <property name="user.variant" value=""/>
    <property name="os.name" value="Windows 7"/>
    <property name="classworlds.conf" value="D:\surroundings\apache-maven-3.5.2\bin\m2.conf"/>
    <property name="sun.jnu.encoding" value="GBK"/>
    <property name="java.library.path" value="D:\surroundings\jdk1.7.0_80\bin;C:\Windows\Sun\Java\bin;C:\Windows\system32;C:\Windows;D:\surroundings\Python27\;D:\surroundings\Python27\Scripts;C:\Windows\system32;C:\Windows;C:\Windows\System32\Wbem;C:\Windows\System32\WindowsPowerShell\v1.0\;D:\surroundings\gradle-4.6\bin;D:\surroundings\ffmpeg-20180130\bin;D:\surroundings\androidSDK\platform-tools;D:\surroundings\pandoc-2.1.3;D:\surroundings\apache-maven-3.5.2\bin;D:\surroundings\Cppcheck;D:\surroundings\nodejs\;D:\surroundings\Python36\Scripts\;D:\surroundings\Python36\;D:\surroundings\mybin;D:\surroundings\MinGW\bin;D:\surroundings\wamp64\bin\apache\apache2.4.23\bin;D:\surroundings\wamp64\bin\mysql\mysql5.7.14\bin;D:\surroundings\wamp64\bin\php\php5.6.25;D:\surroundings\apache-tomcat-8.0.45\bin;D:\surroundings\Git\bin;D:\surroundings\jdk1.8.0_131/bin;D:\surroundings\jdk1.8.0_131/jre/bin;;D:\Program Files\Microsoft VS Code\bin;C:\Users\sirius\AppData\Roaming\npm;."/>
    <property name="maven.conf" value="D:\surroundings\apache-maven-3.5.2/conf"/>
    <property name="java.specification.name" value="Java Platform API Specification"/>
    <property name="java.class.version" value="51.0"/>
    <property name="sun.management.compiler" value="HotSpot Client Compiler"/>
    <property name="os.version" value="6.1"/>
    <property name="user.home" value="C:\Users\sirius"/>
    <property name="user.timezone" value="Asia/Shanghai"/>
    <property name="java.awt.printerjob" value="sun.awt.windows.WPrinterJob"/>
    <property name="java.specification.version" value="1.7"/>
    <property name="file.encoding" value="UTF-8"/>
    <property name="user.name" value="sirius"/>
    <property name="java.class.path" value="D:\surroundings\apache-maven-3.5.2\boot\plexus-classworlds-2.5.2.jar;D:\Program Files\JetBrains\IntelliJ IDEA 2018.1.4\lib\idea_rt.jar"/>
    <property name="java.vm.specification.version" value="1.7"/>
    <property name="sun.arch.data.model" value="32"/>
    <property name="java.home" value="D:\surroundings\jdk1.7.0_80\jre"/>
    <property name="sun.java.command" value="org.codehaus.classworlds.Launcher -Didea.version=2018.1.4 -s E:\code\Java\maven\settings.xml org.apache.tomcat.maven:tomcat7-maven-plugin:2.2:deploy -f pom.xml"/>
    <property name="java.specification.vendor" value="Oracle Corporation"/>
    <property name="user.language" value="zh"/>
    <property name="awt.toolkit" value="sun.awt.windows.WToolkit"/>
    <property name="java.vm.info" value="mixed mode, sharing"/>
    <property name="java.version" value="1.7.0_80"/>
    <property name="java.ext.dirs" value="D:\surroundings\jdk1.7.0_80\jre\lib\ext;C:\Windows\Sun\Java\lib\ext"/>
    <property name="sun.boot.class.path" value="D:\surroundings\jdk1.7.0_80\jre\lib\resources.jar;D:\surroundings\jdk1.7.0_80\jre\lib\rt.jar;D:\surroundings\jdk1.7.0_80\jre\lib\sunrsasign.jar;D:\surroundings\jdk1.7.0_80\jre\lib\jsse.jar;D:\surroundings\jdk1.7.0_80\jre\lib\jce.jar;D:\surroundings\jdk1.7.0_80\jre\lib\charsets.jar;D:\surroundings\jdk1.7.0_80\jre\lib\jfr.jar;D:\surroundings\jdk1.7.0_80\jre\classes"/>
    <property name="java.vendor" value="Oracle Corporation"/>
    <property name="maven.home" value="D:\surroundings\apache-maven-3.5.2"/>
    <property name="file.separator" value="\"/>
    <property name="java.vendor.url.bug" value="http://bugreport.sun.com/bugreport/"/>
    <property name="sun.cpu.endian" value="little"/>
    <property name="sun.io.unicode.encoding" value="UnicodeLittle"/>
    <property name="sun.desktop" value="windows"/>
    <property name="sun.cpu.isalist" value="pentium_pro+mmx pentium_pro pentium+mmx pentium i486 i386 i86"/>
  </properties>
  <testcase time="5.85" classname="cc.siriuscloud.xiaoy.controller.UserMsControllerTest" name="tasklist"/>
  <testcase time="5.428" classname="cc.siriuscloud.xiaoy.controller.UserMsControllerTest" name="userlist"/>
</testsuite>